
------------------------
2018.04.27 7:45:22
webform
Array
(
)

------------------------

------------------------
2018.04.27 7:45:23
webform result
Array
(
    [result] => 2
    [time] => Array
        (
            [start] => 1524804322.9073
            [finish] => 1524804323.3845
            [duration] => 0.47721600532532
            [processing] => 0.35399198532104
            [date_start] => 2018-04-27T07:45:22+03:00
            [date_finish] => 2018-04-27T07:45:23+03:00
        )

)

------------------------

------------------------
2018.04.27 7:52:54
webform
Array
(
    [test@submit_com] => 
)

------------------------

------------------------
2018.04.27 7:52:54
webform result
Array
(
    [result] => 4
    [time] => Array
        (
            [start] => 1524804774.676
            [finish] => 1524804774.874
            [duration] => 0.19804811477661
            [processing] => 0.14136505126953
            [date_start] => 2018-04-27T07:52:54+03:00
            [date_finish] => 2018-04-27T07:52:54+03:00
        )

)

------------------------

------------------------
2018.04.27 7:55:24
webform
Array
(
    [EMAIL] => test@submit.com
)

------------------------

------------------------
2018.04.27 7:55:25
webform result
Array
(
    [result] => 6
    [time] => Array
        (
            [start] => 1524804924.7531
            [finish] => 1524804924.9586
            [duration] => 0.20548892021179
            [processing] => 0.16023993492126
            [date_start] => 2018-04-27T07:55:24+03:00
            [date_finish] => 2018-04-27T07:55:24+03:00
        )

)

------------------------

------------------------
2018.04.27 9:28:09
webform
Array
(
    [EMAIL] => test@submit.com
)

------------------------

------------------------
2018.04.27 9:28:10
webform result
Array
(
    [result] => 8
    [time] => Array
        (
            [start] => 1524810489.735
            [finish] => 1524810490.0081
            [duration] => 0.27311110496521
            [processing] => 0.20338892936707
            [date_start] => 2018-04-27T09:28:09+03:00
            [date_finish] => 2018-04-27T09:28:10+03:00
        )

)

------------------------
